[00:01:06.093,000] [0m<inf> ecu_body: Rx: ID=0x18f00400 DLC=8 Data=[C0 76][0m
[00:01:06.194,000] [0m<inf> ecu_body: Rx: ID=0x18f00400 DLC=8 Data=[E0 79][0m
[00:01:06.296,000] [0m<inf> ecu_body: Rx: ID=0x18f00400 DLC=8 Data=[00 7D][0m
[00:01:06.397,000] [0m<inf> ecu_body: Rx: ID=0x18f00400 DLC=8 Data=[00 00][0m
[00:01:06.498,000] [0m<inf> ecu_body: Rx: ID=0x18f00400 DLC=8 Data=[20 03][0m
[00:01:06.600,000] [0m<inf> ecu_body: Rx: ID=0x18f00400 DLC=8 Data=[40 06][0m
[00:01:06.701,000] [0m<inf> ecu_body: Rx: ID=0x18f00400 DLC=8 Data=[60 09][0m
[00:01:06.803,000] [0m<inf> ecu_body: Rx: ID=0x18f00400 DLC=8 Data=[80 0C][0m
[00:01:06.904,000] [0m<inf> ecu_body: Rx: ID=0x18f00400 DLC=8 Data=[A0 0F][0m
[00:01:07.005,000] [0m<inf> ecu_body: Rx: ID=0x18f00400 DLC=8 Data=[C0 12][0m
[00:01:07.009,000] [0m<inf> ecu_body: Body ECU running...  (Press button to simulate failure)[0m
[00:01:07.107,000] [0m<inf> ecu_body: Rx: ID=0x18f00400 DLC=8 Data=[E0 15][0m
[00:01:07.208,000] [0m<inf> ecu_body: Rx: ID=0x18f00400 DLC=8 Data=[00 19][0m
[00:01:07.310,000] [0m<inf> ecu_body: Rx: ID=0x18f00400 DLC=8 Data=[20 1C][0m
[00:01:07.411,000] [0m<inf> ecu_body: Rx: ID=0x18f00400 DLC=8 Data=[40 1F][0m
[00:01:07.512,000] [0m<inf> ecu_body: Rx: ID=0x18f00400 DLC=8 Data=[60 22][0m
[00:01:07.614,000] [0m<inf> ecu_body: Rx: ID=0x18f00400 DLC=8 Data=[80 25][0m
[00:01:07.715,000] [0m<inf> ecu_body: Rx: ID=0x18f00400 DLC=8 Data=[A0 28][0m
[00:01:07.816,000] [0m<inf> ecu_body: Rx: ID=0x18f00400 DLC=8 Data=[C0 2B][0m
[00:01:07.918,000] [0m<inf> ecu_body: Rx: ID=0x18f00400 DLC=8 Data=[E0 2E][0m
[00:01:08.009,000] [0m<inf> ecu_body: Body ECU running...  (Press button to simulate failure)[0m
[00:01:08.019,000] [0m<inf> ecu_body: Rx: ID=0x18f00400 DLC=8 Data=[00 32][0m
[00:01:08.121,000] [0m<inf> ecu_body: Rx: ID=0x18f00400 DLC=8 Data=[20 35][0m
[00:01:08.222,000] [0m<inf> ecu_body: Rx: ID=0x18f00400 DLC=8 Data=[40 38][0m
[00:01:08.323,000] [0m<inf> ecu_body: Rx: ID=0x18f00400 DLC=8 Data=[60 3B][0m
[00:01:08.425,000] [0m<inf> ecu_body: Rx: ID=0x18f00400 DLC=8 Data=[80 3E][0m
[00:01:08.526,000] [0m<inf> ecu_body: Rx: ID=0x18f00400 DLC=8 Data=[A0 41][0m
[00:01:08.627,000] [0m<inf> ecu_body: Rx: ID=0x18f00400 DLC=8 Data=[C0 44][0m
[00:01:08.729,000] [0m<inf> ecu_body: Rx: ID=0x18f00400 DLC=8 Data=[E0 47][0m
[00:01:08.830,000] [0m<inf> ecu_body: Rx: ID=0x18f00400 DLC=8 Data=[00 4B][0m
[00:01:08.932,000] [0m<inf> ecu_body: Rx: ID=0x18f00400 DLC=8 Data=[20 4E][0m
[00:01:09.009,000] [0m<inf> ecu_body: Body ECU running...  (Press button to simulate failure)[0m
[00:01:09.033,000] [0m<inf> ecu_body: Rx: ID=0x18f00400 DLC=8 Data=[40 51][0m
[00:01:09.135,000] [0m<inf> ecu_body: Rx: ID=0x18f00400 DLC=8 Data=[60 54][0m
[00:01:09.236,000] [0m<inf> ecu_body: Rx: ID=0x18f00400 DLC=8 Data=[80 57][0m
[00:01:09.337,000] [0m<inf> ecu_body: Rx: ID=0x18f00400 DLC=8 Data=[A0 5A][0m
[00:01:09.439,000] [0m<inf> ecu_body: Rx: ID=0x18f00400 DLC=8 Data=[C0 5D][0m
[00:01:09.540,000] [0m<inf> ecu_body: Rx: ID=0x18f00400 DLC=8 Data=[E0 60][0m
[00:01:09.642,000] [0m<inf> ecu_body: Rx: ID=0x18f00400 DLC=8 Data=[00 64][0m
[00:01:09.743,000] [0m<inf> ecu_body: Rx: ID=0x18f00400 DLC=8 Data=[20 67][0m
[00:01:09.844,000] [0m<inf> ecu_body: Rx: ID=0x18f00400 DLC=8 Data=[40 6A][0m
[00:01:09.946,000] [0m<inf> ecu_body: Rx: ID=0x18f00400 DLC=8 Data=[60 6D][0m
[00:01:10.009,000] [0m<inf> ecu_body: Body ECU running...  (Press button to simulate failure)[0m
[00:01:10.047,000] [0m<inf> ecu_body: Rx: ID=0x18f00400 DLC=8 Data=[80 70][0m
[00:01:10.149,000] [0m<inf> ecu_body: Rx: ID=0x18f00400 DLC=8 Data=[A0 73][0m
[00:01:10.250,000] [0m<inf> ecu_body: Rx: ID=0x18f00400 DLC=8 Data=[C0 76][0m
[00:01:10.352,000] [0m<inf> ecu_body: Rx: ID=0x18f00400 DLC=8 Data=[E0 79][0m
[00:01:10.453,000] [0m<inf> ecu_body: Rx: ID=0x18f00400 DLC=8 Data=[00 7D][0m
[00:01:10.554,000] [0m<inf> ecu_body: Rx: ID=0x18f00400 DLC=8 Data=[00 00][0m
[00:01:10.656,000] [0m<inf> ecu_body: Rx: ID=0x18f00400 DLC=8 Data=[20 03][0m
[00:01:10.757,000] [0m<inf> ecu_body: Rx: ID=0x18f00400 DLC=8 Data=[40 06][0m
[00:01:10.859,000] [0m<inf> ecu_body: Rx: ID=0x18f00400 DLC=8 Data=[60 09][0m
[00:01:10.960,000] [0m<inf> ecu_body: Rx: ID=0x18f00400 DLC=8 Data=[80 0C][0m
[00:01:11.009,000] [0m<inf> ecu_body: Body ECU running...  (Press button to simulate failure)[0m
[00:01:11.061,000] [0m<inf> ecu_body: Rx: ID=0x18f00400 DLC=8 Data=[A0 0F][0m
[00:01:11.163,000] [0m<inf> ecu_body: Rx: ID=0x18f00400 DLC=8 Data=[FF FF][0m
[00:01:11.264,000] [0m<inf> ecu_body: Rx: ID=0x18f00400 DLC=8 Data=[00 00][0m
[00:01:11.366,000] [0m<inf> ecu_body: Rx: ID=0x18f00400 DLC=8 Data=[20 03][0m
[00:01:11.467,000] [0m<inf> ecu_body: Rx: ID=0x18f00400 DLC=8 Data=[40 06][0m
[00:01:11.568,000] [0m<inf> ecu_body: Rx: ID=0x18f00400 DLC=8 Data=[60 09][0m
[00:01:11.670,000] [0m<inf> ecu_body: Rx: ID=0x18f00400 DLC=8 Data=[80 0C][0m
[00:01:11.771,000] [0m<inf> ecu_body: Rx: ID=0x18f00400 DLC=8 Data=[FF FF][0m
[00:01:11.873,000] [0m<inf> ecu_body: Rx: ID=0x18f00400 DLC=8 Data=[00 00][0m
[00:01:11.974,000] [0m<inf> ecu_body: Rx: ID=0x18f00400 DLC=8 Data=[20 03][0m
[00:01:12.010,000] [0m<inf> ecu_body: Body ECU running...  (Press button to simulate failure)[0m
[00:01:12.075,000] [0m<inf> ecu_body: Rx: ID=0x18f00400 DLC=8 Data=[40 06][0m
[00:01:12.177,000] [0m<inf> ecu_body: Rx: ID=0x18f00400 DLC=8 Data=[60 09][0m
[00:01:12.278,000] [0m<inf> ecu_body: Rx: ID=0x18f00400 DLC=8 Data=[80 0C][0m
[00:01:12.380,000] [0m<inf> ecu_body: Rx: ID=0x18f00400 DLC=8 Data=[A0 0F][0m
[00:01:12.481,000] [0m<inf> ecu_body: Rx: ID=0x18f00400 DLC=8 Data=[FF FF][0m
[00:01:12.583,000] [0m<inf> ecu_body: Rx: ID=0x18f00400 DLC=8 Data=[00 00][0m
[00:01:12.684,000] [0m<inf> ecu_body: Rx: ID=0x18f00400 DLC=8 Data=[20 03][0m
[00:01:12.785,000] [0m<inf> ecu_body: Rx: ID=0x18f00400 DLC=8 Data=[40 06][0m
[00:01:12.887,000] [0m<inf> ecu_body: Rx: ID=0x18f00400 DLC=8 Data=[60 09][0m
[00:01:12.988,000] [0m<inf> ecu_body: Rx: ID=0x18f00400 DLC=8 Data=[80 0C][0m
[00:01:13.010,000] [0m<inf> ecu_body: Body ECU running...  (Press button to simulate failure)[0m
[00:01:13.090,000] [0m<inf> ecu_body: Rx: ID=0x18f00400 DLC=8 Data=[A0 0F][0m
[00:01:13.191,000] [0m<inf> ecu_body: Rx: ID=0x18f00400 DLC=8 Data=[C0 12][0m
[00:01:13.292,000] [0m<inf> ecu_body: Rx: ID=0x18f00400 DLC=8 Data=[FF FF][0m
[00:01:13.394,000] [0m<inf> ecu_body: Rx: ID=0x18f00400 DLC=8 Data=[00 00][0m
[00:01:13.495,000] [0m<inf> ecu_body: Rx: ID=0x18f00400 DLC=8 Data=[FF FF][0m
[00:01:13.597,000] [0m<inf> ecu_body: Rx: ID=0x18f00400 DLC=8 Data=[00 00][0m
[00:01:13.698,000] [0m<inf> ecu_body: Rx: ID=0x18f00400 DLC=8 Data=[FF FF][0m
[00:01:13.799,000] [0m<inf> ecu_body: Rx: ID=0x18f00400 DLC=8 Data=[00 00][0m
[00:01:13.901,000] [0m<inf> ecu_body: Rx: ID=0x18f00400 DLC=8 Data=[FF FF][0m
[00:01:14.002,000] [0m<inf> ecu_body: Rx: ID=0x18f00400 DLC=8 Data=[00 00][0m
[00:01:14.010,000] [0m<inf> ecu_body: Body ECU running...  (Press button to simulate failure)[0m
[00:01:14.104,000] [0m<inf> ecu_body: Rx: ID=0x18f00400 DLC=8 Data=[FF FF][0m
[00:01:14.205,000] [0m<inf> ecu_body: Rx: ID=0x18f00400 DLC=8 Data=[00 00][0m
[00:01:14.306,000] [0m<inf> ecu_body: Rx: ID=0x18f00400 DLC=8 Data=[FF FF][0m
[00:01:14.408,000] [0m<inf> ecu_body: Rx: ID=0x18f00400 DLC=8 Data=[00 00][0m
[00:01:14.509,000] [0m<inf> ecu_body: Rx: ID=0x18f00400 DLC=8 Data=[FF FF][0m
[00:01:14.611,000] [0m<inf> ecu_body: Rx: ID=0x18f00400 DLC=8 Data=[00 00][0m
[00:01:14.712,000] [0m<inf> ecu_body: Rx: ID=0x18f00400 DLC=8 Data=[FF FF][0m
[00:01:14.813,000] [0m<inf> ecu_body: Rx: ID=0x18f00400 DLC=8 Data=[00 00][0m
[00:01:14.915,000] [0m<inf> ecu_body: Rx: ID=0x18f00400 DLC=8 Data=[20 03][0m
[00:01:15.010,000] [0m<inf> ecu_body: Body ECU running...  (Press button to simulate failure)[0m
[00:01:15.016,000] [0m<inf> ecu_body: Rx: ID=0x18f00400 DLC=8 Data=[FF FF][0m
[00:01:15.118,000] [0m<inf> ecu_body: Rx: ID=0x18f00400 DLC=8 Data=[00 00][0m
[00:01:15.219,000] [0m<inf> ecu_body: Rx: ID=0x18f00400 DLC=8 Data=[20 03][0m
[00:01:15.320,000] [0m<inf> ecu_body: Rx: ID=0x18f00400 DLC=8 Data=[40 06][0m
[00:01:15.422,000] [0m<inf> ecu_body: Rx: ID=0x18f00400 DLC=8 Data=[60 09][0m
[00:01:15.523,000] [0m<inf> ecu_body: Rx: ID=0x18f00400 DLC=8 Data=[80 0C][0m
[00:01:15.625,000] [0m<inf> ecu_body: Rx: ID=0x18f00400 DLC=8 Data=[FF FF][0m
[00:01:15.726,000] [0m<inf> ecu_body: Rx: ID=0x18f00400 DLC=8 Data=[00 00][0m
[00:01:15.828,000] [0m<inf> ecu_body: Rx: ID=0x18f00400 DLC=8 Data=[20 03][0m
[00:01:15.929,000] [0m<inf> ecu_body: Rx: ID=0x18f00400 DLC=8 Data=[FF FF][0m
[00:01:16.010,000] [0m<inf> ecu_body: Body ECU running...  (Press button to simulate failure)[0m
[00:01:16.030,000] [0m<inf> ecu_body: Rx: ID=0x18f00400 DLC=8 Data=[00 00][0m
[00:01:16.132,000] [0m<inf> ecu_body: Rx: ID=0x18f00400 DLC=8 Data=[FF FF][0m
[00:01:16.233,000] [0m<inf> ecu_body: Rx: ID=0x18f00400 DLC=8 Data=[00 00][0m
[00:01:16.335,000] [0m<inf> ecu_body: Rx: ID=0x18f00400 DLC=8 Data=[20 03][0m
[00:01:16.436,000] [0m<inf> ecu_body: Rx: ID=0x18f00400 DLC=8 Data=[FF FF][0m
[00:01:16.538,000] [0m<inf> ecu_body: Rx: ID=0x18f00400 DLC=8 Data=[00 00][0m
[00:01:16.639,000] [0m<inf> ecu_body: Rx: ID=0x18f00400 DLC=8 Data=[FF FF][0m
[00:01:16.741,000] [0m<inf> ecu_body: Rx: ID=0x18f00400 DLC=8 Data=[00 00][0m
[00:01:16.842,000] [0m<inf> ecu_body: Rx: ID=0x18f00400 DLC=8 Data=[20 03][0m
[00:01:16.943,000] [0m<inf> ecu_body: Rx: ID=0x18f00400 DLC=8 Data=[FF FF][0m
[00:01:17.010,000] [0m<inf> ecu_body: Body ECU running...  (Press button to simulate failure)[0m
[00:01:17.045,000] [0m<inf> ecu_body: Rx: ID=0x18f00400 DLC=8 Data=[00 00][0m
[00:01:17.146,000] [0m<inf> ecu_body: Rx: ID=0x18f00400 DLC=8 Data=[FF FF][0m
[00:01:17.248,000] [0m<inf> ecu_body: Rx: ID=0x18f00400 DLC=8 Data=[00 00][0m
[00:01:17.349,000] [0m<inf> ecu_body: Rx: ID=0x18f00400 DLC=8 Data=[FF FF][0m
[00:01:17.451,000] [0m<inf> ecu_body: Rx: ID=0x18f00400 DLC=8 Data=[00 00][0m
[00:01:17.552,000] [0m<inf> ecu_body: Rx: ID=0x18f00400 DLC=8 Data=[20 03][0m
[00:01:17.653,000] [0m<inf> ecu_body: Rx: ID=0x18f00400 DLC=8 Data=[40 06][0m
[00:01:17.755,000] [0m<inf> ecu_body: Rx: ID=0x18f00400 DLC=8 Data=[60 09][0m
[00:01:17.856,000] [0m<inf> ecu_body: Rx: ID=0x18f00400 DLC=8 Data=[80 0C][0m
[00:01:17.958,000] [0m<inf> ecu_body: Rx: ID=0x18f00400 DLC=8 Data=[A0 0F][0m
[00:01:18.010,000] [0m<inf> ecu_body: Body ECU running...  (Press button to simulate failure)[0m
[00:01:18.059,000] [0m<inf> ecu_body: Rx: ID=0x18f00400 DLC=8 Data=[C0 12][0m
[00:01:18.160,000] [0m<inf> ecu_body: Rx: ID=0x18f00400 DLC=8 Data=[E0 15][0m
[00:01:18.262,000] [0m<inf> ecu_body: Rx: ID=0x18f00400 DLC=8 Data=[00 19][0m
[00:01:18.363,000] [0m<inf> ecu_body: Rx: ID=0x18f00400 DLC=8 Data=[FF FF][0m
[00:01:18.465,000] [0m<inf> ecu_body: Rx: ID=0x18f00400 DLC=8 Data=[00 00][0m
[00:01:18.566,000] [0m<inf> ecu_body: Rx: ID=0x18f00400 DLC=8 Data=[20 03][0m
[00:01:18.667,000] [0m<inf> ecu_body: Rx: ID=0x18f00400 DLC=8 Data=[40 06][0m
[00:01:18.769,000] [0m<inf> ecu_body: Rx: ID=0x18f00400 DLC=8 Data=[FF FF][0m
[00:01:18.870,000] [0m<inf> ecu_body: Rx: ID=0x18f00400 DLC=8 Data=[00 00][0m
[00:01:18.972,000] [0m<inf> ecu_body: Rx: ID=0x18f00400 DLC=8 Data=[20 03][0m
[00:01:19.010,000] [0m<inf> ecu_body: Body ECU running...  (Press button to simulate failure)[0m
[00:01:19.073,000] [0m<inf> ecu_body: Rx: ID=0x18f00400 DLC=8 Data=[40 06][0m
[00:01:19.175,000] [0m<inf> ecu_body: Rx: ID=0x18f00400 DLC=8 Data=[FF FF][0m
[00:01:19.276,000] [0m<inf> ecu_body: Rx: ID=0x18f00400 DLC=8 Data=[00 00][0m
[00:01:19.377,000] [0m<inf> ecu_body: Rx: ID=0x18f00400 DLC=8 Data=[20 03][0m
[00:01:19.479,000] [0m<inf> ecu_body: Rx: ID=0x18f00400 DLC=8 Data=[40 06][0m
[00:01:19.580,000] [0m<inf> ecu_body: Rx: ID=0x18f00400 DLC=8 Data=[FF FF][0m
[00:01:19.682,000] [0m<inf> ecu_body: Rx: ID=0x18f00400 DLC=8 Data=[00 00][0m
[00:01:19.783,000] [0m<inf> ecu_body: Rx: ID=0x18f00400 DLC=8 Data=[20 03][0m
[00:01:19.884,000] [0m<inf> ecu_body: Rx: ID=0x18f00400 DLC=8 Data=[FF FF][0m
[00:01:19.986,000] [0m<inf> ecu_body: Rx: ID=0x18f00400 DLC=8 Data=[00 00][0m
[00:01:20.010,000] [0m<inf> ecu_body: Body ECU running...  (Press button to simulate failure)[0m
[00:01:20.087,000] [0m<inf> ecu_body: Rx: ID=0x18f00400 DLC=8 Data=[20 03][0m
[00:01:20.189,000] [0m<inf> ecu_body: Rx: ID=0x18f00400 DLC=8 Data=[40 06][0m
[00:01:20.290,000] [0m<inf> ecu_body: Rx: ID=0x18f00400 DLC=8 Data=[FF FF][0m
[00:01:20.391,000] [0m<inf> ecu_body: Rx: ID=0x18f00400 DLC=8 Data=[00 00][0m
[00:01:20.493,000] [0m<inf> ecu_body: Rx: ID=0x18f00400 DLC=8 Data=[20 03][0m
[00:01:20.594,000] [0m<inf> ecu_body: Rx: ID=0x18f00400 DLC=8 Data=[40 06][0m
[00:01:20.696,000] [0m<inf> ecu_body: Rx: ID=0x18f00400 DLC=8 Data=[60 09][0m
[00:01:20.797,000] [0m<inf> ecu_body: Rx: ID=0x18f00400 DLC=8 Data=[80 0C][0m
[00:01:20.899,000] [0m<inf> ecu_body: Rx: ID=0x18f00400 DLC=8 Data=[A0 0F][0m
[00:01:21.000,000] [0m<inf> ecu_body: Rx: ID=0x18f00400 DLC=8 Data=[C0 12][0m
[00:01:21.010,000] [0m<inf> ecu_body: Body ECU running...  (Press button to simulate failure)[0m
[00:01:21.102,000] [0m<inf> ecu_body: Rx: ID=0x18f00400 DLC=8 Data=[E0 15][0m
[00:01:21.203,000] [0m<inf> ecu_body: Rx: ID=0x18f00400 DLC=8 Data=[00 19][0m
[00:01:21.305,000] [0m<inf> ecu_body: Rx: ID=0x18f00400 DLC=8 Data=[20 1C][0m
[00:01:21.406,000] [0m<inf> ecu_body: Rx: ID=0x18f00400 DLC=8 Data=[40 1F][0m
[00:01:21.507,000] [0m<inf> ecu_body: Rx: ID=0x18f00400 DLC=8 Data=[60 22][0m
[00:01:21.609,000] [0m<inf> ecu_body: Rx: ID=0x18f00400 DLC=8 Data=[80 25][0m
[00:01:21.710,000] [0m<inf> ecu_body: Rx: ID=0x18f00400 DLC=8 Data=[A0 28][0m
[00:01:21.812,000] [0m<inf> ecu_body: Rx: ID=0x18f00400 DLC=8 Data=[C0 2B][0m
[00:01:21.913,000] [0m<inf> ecu_body: Rx: ID=0x18f00400 DLC=8 Data=[E0 2E][0m
[00:01:22.011,000] [0m<inf> ecu_body: Body ECU running...  (Press button to simulate failure)[0m
[00:01:22.014,000] [0m<inf> ecu_body: Rx: ID=0x18f00400 DLC=8 Data=[00 32][0m
[00:01:22.116,000] [0m<inf> ecu_body: Rx: ID=0x18f00400 DLC=8 Data=[20 35][0m
[00:01:22.217,000] [0m<inf> ecu_body: Rx: ID=0x18f00400 DLC=8 Data=[40 38][0m
[00:01:22.319,000] [0m<inf> ecu_body: Rx: ID=0x18f00400 DLC=8 Data=[60 3B][0m
[00:01:22.420,000] [0m<inf> ecu_body: Rx: ID=0x18f00400 DLC=8 Data=[80 3E][0m
[00:01:22.521,000] [0m<inf> ecu_body: Rx: ID=0x18f00400 DLC=8 Data=[A0 41][0m
[00:01:22.623,000] [0m<inf> ecu_body: Rx: ID=0x18f00400 DLC=8 Data=[C0 44][0m
[00:01:22.724,000] [0m<inf> ecu_body: Rx: ID=0x18f00400 DLC=8 Data=[E0 47][0m
[00:01:22.825,000] [0m<inf> ecu_body: Rx: ID=0x18f00400 DLC=8 Data=[00 4B][0m
[00:01:22.927,000] [0m<inf> ecu_body: Rx: ID=0x18f00400 DLC=8 Data=[20 4E][0m
[00:01:23.011,000] [0m<inf> ecu_body: Body ECU running...  (Press button to simulate failure)[0m
[00:01:23.028,000] [0m<inf> ecu_body: Rx: ID=0x18f00400 DLC=8 Data=[40 51][0m
[00:01:23.130,000] [0m<inf> ecu_body: Rx: ID=0x18f00400 DLC=8 Data=[60 54][0m
[00:01:23.231,000] [0m<inf> ecu_body: Rx: ID=0x18f00400 DLC=8 Data=[80 57][0m
[00:01:23.332,000] [0m<inf> ecu_body: Rx: ID=0x18f00400 DLC=8 Data=[A0 5A][0m
[00:01:23.434,000] [0m<inf> ecu_body: Rx: ID=0x18f00400 DLC=8 Data=[C0 5D][0m
[00:01:23.535,000] [0m<inf> ecu_body: Rx: ID=0x18f00400 DLC=8 Data=[E0 60][0m
[00:01:23.636,000] [0m<inf> ecu_body: Rx: ID=0x18f00400 DLC=8 Data=[00 64][0m
[00:01:23.738,000] [0m<inf> ecu_body: Rx: ID=0x18f00400 DLC=8 Data=[20 67][0m
[00:01:23.839,000] [0m<inf> ecu_body: Rx: ID=0x18f00400 DLC=8 Data=[40 6A][0m
[00:01:23.941,000] [0m<inf> ecu_body: Rx: ID=0x18f00400 DLC=8 Data=[60 6D][0m
[00:01:24.011,000] [0m<inf> ecu_body: Body ECU running...  (Press button to simulate failure)[0m
[00:01:24.042,000] [0m<inf> ecu_body: Rx: ID=0x18f00400 DLC=8 Data=[80 70][0m
[00:01:24.143,000] [0m<inf> ecu_body: Rx: ID=0x18f00400 DLC=8 Data=[A0 73][0m
[00:01:24.245,000] [0m<inf> ecu_body: Rx: ID=0x18f00400 DLC=8 Data=[C0 76][0m
[00:01:24.338,000] [0m<inf> ecu_body: Rx: ID=0x18f00400 DLC=8 Data=[20 03][0m
[00:01:24.439,000] [0m<inf> ecu_body: Rx: ID=0x18f00400 DLC=8 Data=[40 06][0m
[00:01:24.541,000] [0m<inf> ecu_body: Rx: ID=0x18f00400 DLC=8 Data=[60 09][0m
[00:01:24.642,000] [0m<inf> ecu_body: Rx: ID=0x18f00400 DLC=8 Data=[80 0C][0m
[00:01:24.744,000] [0m<inf> ecu_body: Rx: ID=0x18f00400 DLC=8 Data=[A0 0F][0m
[00:01:24.845,000] [0m<inf> ecu_body: Rx: ID=0x18f00400 DLC=8 Data=[C0 12][0m
[00:01:24.947,000] [0m<inf> ecu_body: Rx: ID=0x18f00400 DLC=8 Data=[E0 15][0m
[00:01:25.011,000] [0m<inf> ecu_body: Body ECU running...  (Press button to simulate failure)[0m
[00:01:25.048,000] [0m<inf> ecu_body: Rx: ID=0x18f00400 DLC=8 Data=[00 19][0m
[00:01:25.149,000] [0m<inf> ecu_body: Rx: ID=0x18f00400 DLC=8 Data=[20 1C][0m
[00:01:25.251,000] [0m<inf> ecu_body: Rx: ID=0x18f00400 DLC=8 Data=[FF FF][0m
[00:01:25.352,000] [0m<inf> ecu_body: Rx: ID=0x18f00400 DLC=8 Data=[00 00][0m
[00:01:25.453,000] [0m<inf> ecu_body: Rx: ID=0x18f00400 DLC=8 Data=[20 03][0m
[00:01:25.555,000] [0m<inf> ecu_body: Rx: ID=0x18f00400 DLC=8 Data=[40 06][0m
[00:01:25.656,000] [0m<inf> ecu_body: Rx: ID=0x18f00400 DLC=8 Data=[FF FF][0m
[00:01:25.758,000] [0m<inf> ecu_body: Rx: ID=0x18f00400 DLC=8 Data=[00 00][0m
[00:01:25.859,000] [0m<inf> ecu_body: Rx: ID=0x18f00400 DLC=8 Data=[20 03][0m
[00:01:25.960,000] [0m<inf> ecu_body: Rx: ID=0x18f00400 DLC=8 Data=[40 06][0m
[00:01:26.011,000] [0m<inf> ecu_body: Body ECU running...  (Press button to simulate failure)[0m
[00:01:26.062,000] [0m<inf> ecu_body: Rx: ID=0x18f00400 DLC=8 Data=[60 09][0m
[00:01:26.163,000] [0m<inf> ecu_body: Rx: ID=0x18f00400 DLC=8 Data=[FF FF][0m
[00:01:26.265,000] [0m<inf> ecu_body: Rx: ID=0x18f00400 DLC=8 Data=[00 00][0m
[00:01:26.366,000] [0m<inf> ecu_body: Rx: ID=0x18f00400 DLC=8 Data=[20 03][0m
[00:01:26.467,000] [0m<inf> ecu_body: Rx: ID=0x18f00400 DLC=8 Data=[FF FF][0m
[00:01:26.569,000] [0m<inf> ecu_body: Rx: ID=0x18f00400 DLC=8 Data=[00 00][0m
[00:01:26.670,000] [0m<inf> ecu_body: Rx: ID=0x18f00400 DLC=8 Data=[20 03][0m
[00:01:26.772,000] [0m<inf> ecu_body: Rx: ID=0x18f00400 DLC=8 Data=[FF FF][0m
[00:01:26.873,000] [0m<inf> ecu_body: Rx: ID=0x18f00400 DLC=8 Data=[00 00][0m
[00:01:26.974,000] [0m<inf> ecu_body: Rx: ID=0x18f00400 DLC=8 Data=[FF FF][0m
[00:01:27.011,000] [0m<inf> ecu_body: Body ECU running...  (Press button to simulate failure)[0m
[00:01:27.076,000] [0m<inf> ecu_body: Rx: ID=0x18f00400 DLC=8 Data=[00 00][0m
[00:01:27.177,000] [0m<inf> ecu_body: Rx: ID=0x18f00400 DLC=8 Data=[20 03][0m
[00:01:27.279,000] [0m<inf> ecu_body: Rx: ID=0x18f00400 DLC=8 Data=[FF FF][0m
[00:01:27.380,000] [0m<inf> ecu_body: Rx: ID=0x18f00400 DLC=8 Data=[00 00][0m
[00:01:27.482,000] [0m<inf> ecu_body: Rx: ID=0x18f00400 DLC=8 Data=[FF FF][0m
[00:01:27.583,000] [0m<inf> ecu_body: Rx: ID=0x18f00400 DLC=8 Data=[00 00][0m
[00:01:27.684,000] [0m<inf> ecu_body: Rx: ID=0x18f00400 DLC=8 Data=[20 03][0m
[00:01:27.786,000] [0m<inf> ecu_body: Rx: ID=0x18f00400 DLC=8 Data=[FF FF][0m
[00:01:27.887,000] [0m<inf> ecu_body: Rx: ID=0x18f00400 DLC=8 Data=[00 00][0m
[00:01:27.989,000] [0m<inf> ecu_body: Rx: ID=0x18f00400 DLC=8 Data=[FF FF][0m
[00:01:28.011,000] [0m<inf> ecu_body: Body ECU running...  (Press button to simulate failure)[0m
[00:01:28.090,000] [0m<inf> ecu_body: Rx: ID=0x18f00400 DLC=8 Data=[00 00][0m
[00:01:28.192,000] [0m<inf> ecu_body: Rx: ID=0x18f00400 DLC=8 Data=[20 03][0m
[00:01:28.293,000] [0m<inf> ecu_body: Rx: ID=0x18f00400 DLC=8 Data=[FF FF][0m
[00:01:28.394,000] [0m<inf> ecu_body: Rx: ID=0x18f00400 DLC=8 Data=[00 00][0m
[00:01:28.496,000] [0m<inf> ecu_body: Rx: ID=0x18f00400 DLC=8 Data=[20 03][0m
[00:01:28.597,000] [0m<inf> ecu_body: Rx: ID=0x18f00400 DLC=8 Data=[40 06][0m
[00:01:28.699,000] [0m<inf> ecu_body: Rx: ID=0x18f00400 DLC=8 Data=[60 09][0m
[00:01:28.800,000] [0m<inf> ecu_body: Rx: ID=0x18f00400 DLC=8 Data=[80 0C][0m
[00:01:28.902,000] [0m<inf> ecu_body: Rx: ID=0x18f00400 DLC=8 Data=[A0 0F][0m
[00:01:29.003,000] [0m<inf> ecu_body: Rx: ID=0x18f00400 DLC=8 Data=[C0 12][0m
[00:01:29.011,000] [0m<inf> ecu_body: Body ECU running...  (Press button to simulate failure)[0m
[00:01:29.104,000] [0m<inf> ecu_body: Rx: ID=0x18f00400 DLC=8 Data=[E0 15][0m
[00:01:29.206,000] [0m<inf> ecu_body: Rx: ID=0x18f00400 DLC=8 Data=[00 19][0m
[00:01:29.307,000] [0m<inf> ecu_body: Rx: ID=0x18f00400 DLC=8 Data=[20 1C][0m
[00:01:29.409,000] [0m<inf> ecu_body: Rx: ID=0x18f00400 DLC=8 Data=[40 1F][0m
[00:01:29.510,000] [0m<inf> ecu_body: Rx: ID=0x18f00400 DLC=8 Data=[60 22][0m
[00:01:29.612,000] [0m<inf> ecu_body: Rx: ID=0x18f00400 DLC=8 Data=[80 25][0m
[00:01:29.713,000] [0m<inf> ecu_body: Rx: ID=0x18f00400 DLC=8 Data=[A0 28][0m
[00:01:29.815,000] [0m<inf> ecu_body: Rx: ID=0x18f00400 DLC=8 Data=[C0 2B][0m
[00:01:29.916,000] [0m<inf> ecu_body: Rx: ID=0x18f00400 DLC=8 Data=[E0 2E][0m
[00:01:30.011,000] [0m<inf> ecu_body: Body ECU running...  (Press button to simulate failure)[0m
[00:01:30.018,000] [0m<inf> ecu_body: Rx: ID=0x18f00400 DLC=8 Data=[00 32][0m
[00:01:30.119,000] [0m<inf> ecu_body: Rx: ID=0x18f00400 DLC=8 Data=[20 35][0m
[00:01:30.221,000] [0m<inf> ecu_body: Rx: ID=0x18f00400 DLC=8 Data=[40 38][0m
[00:01:30.322,000] [0m<inf> ecu_body: Rx: ID=0x18f00400 DLC=8 Data=[60 3B][0m
[00:01:30.423,000] [0m<inf> ecu_body: Rx: ID=0x18f00400 DLC=8 Data=[80 3E][0m
[00:01:30.525,000] [0m<inf> ecu_body: Rx: ID=0x18f00400 DLC=8 Data=[A0 41][0m
[00:01:30.626,000] [0m<inf> ecu_body: Rx: ID=0x18f00400 DLC=8 Data=[C0 44][0m
[00:01:30.728,000] [0m<inf> ecu_body: Rx: ID=0x18f00400 DLC=8 Data=[E0 47][0m
[00:01:30.829,000] [0m<inf> ecu_body: Rx: ID=0x18f00400 DLC=8 Data=[00 4B][0m
[00:01:30.931,000] [0m<inf> ecu_body: Rx: ID=0x18f00400 DLC=8 Data=[20 4E][0m
[00:01:31.011,000] [0m<inf> ecu_body: Body ECU running...  (Press button to simulate failure)[0m
[00:01:31.032,000] [0m<inf> ecu_body: Rx: ID=0x18f00400 DLC=8 Data=[40 51][0m
[00:01:31.133,000] [0m<inf> ecu_body: Rx: ID=0x18f00400 DLC=8 Data=[60 54][0m
[00:01:31.235,000] [0m<inf> ecu_body: Rx: ID=0x18f00400 DLC=8 Data=[FF FF][0m
[00:01:31.336,000] [0m<inf> ecu_body: Rx: ID=0x18f00400 DLC=8 Data=[00 00][0m
[00:01:31.438,000] [0m<inf> ecu_body: Rx: ID=0x18f00400 DLC=8 Data=[20 03][0m
[00:01:31.539,000] [0m<inf> ecu_body: Rx: ID=0x18f00400 DLC=8 Data=[40 06][0m
[00:01:31.641,000] [0m<inf> ecu_body: Rx: ID=0x18f00400 DLC=8 Data=[60 09][0m
[00:01:31.742,000] [0m<inf> ecu_body: Rx: ID=0x18f00400 DLC=8 Data=[80 0C][0m
[00:01:31.844,000] [0m<inf> ecu_body: Rx: ID=0x18f00400 DLC=8 Data=[A0 0F][0m
[00:01:31.945,000] [0m<inf> ecu_body: Rx: ID=0x18f00400 DLC=8 Data=[C0 12][0m
[00:01:32.012,000] [0m<inf> ecu_body: Body ECU running...  (Press button to simulate failure)[0m
[00:01:32.047,000] [0m<inf> ecu_body: Rx: ID=0x18f00400 DLC=8 Data=[E0 15][0m
[00:01:32.148,000] [0m<inf> ecu_body: Rx: ID=0x18f00400 DLC=8 Data=[00 19][0m
[00:01:32.250,000] [0m<inf> ecu_body: Rx: ID=0x18f00400 DLC=8 Data=[20 1C][0m
[00:01:32.351,000] [0m<inf> ecu_body: Rx: ID=0x18f00400 DLC=8 Data=[FF FF][0m
[00:01:32.452,000] [0m<inf> ecu_body: Rx: ID=0x18f00400 DLC=8 Data=[00 00][0m
[00:01:32.554,000] [0m<inf> ecu_body: Rx: ID=0x18f00400 DLC=8 Data=[20 03][0m
[00:01:32.655,000] [0m<inf> ecu_body: Rx: ID=0x18f00400 DLC=8 Data=[40 06][0m
[00:01:32.757,000] [0m<inf> ecu_body: Rx: ID=0x18f00400 DLC=8 Data=[60 09][0m
[00:01:32.858,000] [0m<inf> ecu_body: Rx: ID=0x18f00400 DLC=8 Data=[80 0C][0m
[00:01:32.960,000] [0m<inf> ecu_body: Rx: ID=0x18f00400 DLC=8 Data=[A0 0F][0m
[00:01:33.012,000] [0m<inf> ecu_body: Body ECU running...  (Press button to simulate failure)[0m
[00:01:33.061,000] [0m<inf> ecu_body: Rx: ID=0x18f00400 DLC=8 Data=[C0 12][0m
[00:01:33.162,000] [0m<inf> ecu_body: Rx: ID=0x18f00400 DLC=8 Data=[E0 15][0m
[00:01:33.264,000] [0m<inf> ecu_body: Rx: ID=0x18f00400 DLC=8 Data=[FF FF][0m
[00:01:33.365,000] [0m<inf> ecu_body: Rx: ID=0x18f00400 DLC=8 Data=[00 00][0m
[00:01:33.467,000] [0m<inf> ecu_body: Rx: ID=0x18f00400 DLC=8 Data=[20 03][0m
[00:01:33.568,000] [0m<inf> ecu_body: Rx: ID=0x18f00400 DLC=8 Data=[40 06][0m
[00:01:33.670,000] [0m<inf> ecu_body: Rx: ID=0x18f00400 DLC=8 Data=[60 09][0m
[00:01:33.771,000] [0m<inf> ecu_body: Rx: ID=0x18f00400 DLC=8 Data=[80 0C][0m
[00:01:33.872,000] [0m<inf> ecu_body: Rx: ID=0x18f00400 DLC=8 Data=[A0 0F][0m
[00:01:33.974,000] [0m<inf> ecu_body: Rx: ID=0x18f00400 DLC=8 Data=[C0 12][0m
[00:01:34.012,000] [0m<inf> ecu_body: Body ECU running...  (Press button to simulate failure)[0m
[00:01:34.075,000] [0m<inf> ecu_body: Rx: ID=0x18f00400 DLC=8 Data=[E0 15][0m
[00:01:34.177,000] [0m<inf> ecu_body: Rx: ID=0x18f00400 DLC=8 Data=[FF FF][0m
[00:01:34.278,000] [0m<inf> ecu_body: Rx: ID=0x18f00400 DLC=8 Data=[00 00][0m
[00:01:34.380,000] [0m<inf> ecu_body: Rx: ID=0x18f00400 DLC=8 Data=[20 03][0m
[00:01:34.481,000] [0m<inf> ecu_body: Rx: ID=0x18f00400 DLC=8 Data=[40 06][0m
[00:01:34.583,000] [0m<inf> ecu_body: Rx: ID=0x18f00400 DLC=8 Data=[60 09][0m
[00:01:34.684,000] [0m<inf> ecu_body: Rx: ID=0x18f00400 DLC=8 Data=[80 0C][0m
[00:01:34.785,000] [0m<inf> ecu_body: Rx: ID=0x18f00400 DLC=8 Data=[A0 0F][0m
[00:01:34.887,000] [0m<inf> ecu_body: Rx: ID=0x18f00400 DLC=8 Data=[C0 12][0m
[00:01:34.988,000] [0m<inf> ecu_body: Rx: ID=0x18f00400 DLC=8 Data=[E0 15][0m
[00:01:35.012,000] [0m<inf> ecu_body: Body ECU running...  (Press button to simulate failure)[0m
[00:01:35.090,000] [0m<inf> ecu_body: Rx: ID=0x18f00400 DLC=8 Data=[00 19][0m
[00:01:35.191,000] [0m<inf> ecu_body: Rx: ID=0x18f00400 DLC=8 Data=[FF FF][0m
[00:01:35.293,000] [0m<inf> ecu_body: Rx: ID=0x18f00400 DLC=8 Data=[00 00][0m
[00:01:35.394,000] [0m<inf> ecu_body: Rx: ID=0x18f00400 DLC=8 Data=[20 03][0m
[00:01:35.496,000] [0m<inf> ecu_body: Rx: ID=0x18f00400 DLC=8 Data=[40 06][0m
[00:01:35.597,000] [0m<inf> ecu_body: Rx: ID=0x18f00400 DLC=8 Data=[60 09][0m
[00:01:35.698,000] [0m<inf> ecu_body: Rx: ID=0x18f00400 DLC=8 Data=[80 0C][0m
[00:01:35.800,000] [0m<inf> ecu_body: Rx: ID=0x18f00400 DLC=8 Data=[A0 0F][0m
[00:01:35.901,000] [0m<inf> ecu_body: Rx: ID=0x18f00400 DLC=8 Data=[C0 12][0m
[00:01:36.003,000] [0m<inf> ecu_body: Rx: ID=0x18f00400 DLC=8 Data=[FF FF][0m
[00:01:36.012,000] [0m<inf> ecu_body: Body ECU running...  (Press button to simulate failure)[0m
[00:01:36.104,000] [0m<inf> ecu_body: Rx: ID=0x18f00400 DLC=8 Data=[00 00][0m
[00:01:36.205,000] [0m<inf> ecu_body: Rx: ID=0x18f00400 DLC=8 Data=[20 03][0m
[00:01:36.307,000] [0m<inf> ecu_body: Rx: ID=0x18f00400 DLC=8 Data=[40 06][0m
[00:01:36.408,000] [0m<inf> ecu_body: Rx: ID=0x18f00400 DLC=8 Data=[60 09][0m
[00:01:36.510,000] [0m<inf> ecu_body: Rx: ID=0x18f00400 DLC=8 Data=[80 0C][0m
[00:01:36.611,000] [0m<inf> ecu_body: Rx: ID=0x18f00400 DLC=8 Data=[A0 0F][0m
[00:01:36.712,000] [0m<inf> ecu_body: Rx: ID=0x18f00400 DLC=8 Data=[C0 12][0m
[00:01:36.814,000] [0m<inf> ecu_body: Rx: ID=0x18f00400 DLC=8 Data=[E0 15][0m
[00:01:36.915,000] [0m<inf> ecu_body: Rx: ID=0x18f00400 DLC=8 Data=[00 19][0m
[00:01:37.012,000] [0m<inf> ecu_body: Body ECU running...  (Press button to simulate failure)[0m
[00:01:37.017,000] [0m<inf> ecu_body: Rx: ID=0x18f00400 DLC=8 Data=[20 1C][0m
[00:01:37.118,000] [0m<inf> ecu_body: Rx: ID=0x18f00400 DLC=8 Data=[40 1F][0m
[00:01:37.219,000] [0m<inf> ecu_body: Rx: ID=0x18f00400 DLC=8 Data=[60 22][0m
[00:01:37.321,000] [0m<inf> ecu_body: Rx: ID=0x18f00400 DLC=8 Data=[80 25][0m
[00:01:37.422,000] [0m<inf> ecu_body: Rx: ID=0x18f00400 DLC=8 Data=[A0 28][0m
[00:01:37.524,000] [0m<inf> ecu_body: Rx: ID=0x18f00400 DLC=8 Data=[C0 2B][0m
[00:01:37.625,000] [0m<inf> ecu_body: Rx: ID=0x18f00400 DLC=8 Data=[E0 2E][0m
[00:01:37.727,000] [0m<inf> ecu_body: Rx: ID=0x18f00400 DLC=8 Data=[00 32][0m
[00:01:37.828,000] [0m<inf> ecu_body: Rx: ID=0x18f00400 DLC=8 Data=[20 35][0m
[00:01:37.929,000] [0m<inf> ecu_body: Rx: ID=0x18f00400 DLC=8 Data=[40 38][0m
[00:01:38.012,000] [0m<inf> ecu_body: Body ECU running...  (Press button to simulate failure)[0m
[00:01:38.031,000] [0m<inf> ecu_body: Rx: ID=0x18f00400 DLC=8 Data=[FF FF][0m
[00:01:38.132,000] [0m<inf> ecu_body: Rx: ID=0x18f00400 DLC=8 Data=[00 00][0m
[00:01:38.234,000] [0m<inf> ecu_body: Rx: ID=0x18f00400 DLC=8 Data=[20 03][0m
[00:01:38.335,000] [0m<inf> ecu_body: Rx: ID=0x18f00400 DLC=8 Data=[40 06][0m
[00:01:38.436,000] [0m<inf> ecu_body: Rx: ID=0x18f00400 DLC=8 Data=[60 09][0m
[00:01:38.538,000] [0m<inf> ecu_body: Rx: ID=0x18f00400 DLC=8 Data=[80 0C][0m
[00:01:38.639,000] [0m<inf> ecu_body: Rx: ID=0x18f00400 DLC=8 Data=[A0 0F][0m
[00:01:38.741,000] [0m<inf> ecu_body: Rx: ID=0x18f00400 DLC=8 Data=[C0 12][0m
[00:01:38.842,000] [0m<inf> ecu_body: Rx: ID=0x18f00400 DLC=8 Data=[E0 15][0m
[00:01:38.944,000] [0m<inf> ecu_body: Rx: ID=0x18f00400 DLC=8 Data=[00 19][0m
[00:01:39.012,000] [0m<inf> ecu_body: Body ECU running...  (Press button to simulate failure)[0m
[00:01:39.045,000] [0m<inf> ecu_body: Rx: ID=0x18f00400 DLC=8 Data=[FF FF][0m
[00:01:39.146,000] [0m<inf> ecu_body: Rx: ID=0x18f00400 DLC=8 Data=[00 00][0m
[00:01:39.248,000] [0m<inf> ecu_body: Rx: ID=0x18f00400 DLC=8 Data=[20 03][0m
[00:01:39.349,000] [0m<inf> ecu_body: Rx: ID=0x18f00400 DLC=8 Data=[FF FF][0m
[00:01:39.451,000] [0m<inf> ecu_body: Rx: ID=0x18f00400 DLC=8 Data=[00 00][0m
[00:01:39.552,000] [0m<inf> ecu_body: Rx: ID=0x18f00400 DLC=8 Data=[20 03][0m
[00:01:39.654,000] [0m<inf> ecu_body: Rx: ID=0x18f00400 DLC=8 Data=[40 06][0m
[00:01:39.755,000] [0m<inf> ecu_body: Rx: ID=0x18f00400 DLC=8 Data=[FF FF][0m
[00:01:39.856,000] [0m<inf> ecu_body: Rx: ID=0x18f00400 DLC=8 Data=[00 00][0m
[00:01:39.958,000] [0m<inf> ecu_body: Rx: ID=0x18f00400 DLC=8 Data=[FF FF][0m
[00:01:40.012,000] [0m<inf> ecu_body: Body ECU running...  (Press button to simulate failure)[0m
[00:01:40.059,000] [0m<inf> ecu_body: Rx: ID=0x18f00400 DLC=8 Data=[00 00][0m
[00:01:40.161,000] [0m<inf> ecu_body: Rx: ID=0x18f00400 DLC=8 Data=[20 03][0m
[00:01:40.262,000] [0m<inf> ecu_body: Rx: ID=0x18f00400 DLC=8 Data=[FF FF][0m
[00:01:40.364,000] [0m<inf> ecu_body: Rx: ID=0x18f00400 DLC=8 Data=[00 00][0m
[00:01:40.465,000] [0m<inf> ecu_body: Rx: ID=0x18f00400 DLC=8 Data=[FF FF][0m
[00:01:40.566,000] [0m<inf> ecu_body: Rx: ID=0x18f00400 DLC=8 Data=[00 00][0m
[00:01:40.668,000] [0m<inf> ecu_body: Rx: ID=0x18f00400 DLC=8 Data=[20 03][0m
[00:01:40.769,000] [0m<inf> ecu_body: Rx: ID=0x18f00400 DLC=8 Data=[FF FF][0m
[00:01:40.871,000] [0m<inf> ecu_body: Rx: ID=0x18f00400 DLC=8 Data=[00 00][0m
[00:01:40.972,000] [0m<inf> ecu_body: Rx: ID=0x18f00400 DLC=8 Data=[FF FF][0m
[00:01:41.012,000] [0m<inf> ecu_body: Body ECU running...  (Press button to simulate failure)[0m
[00:01:41.073,000] [0m<inf> ecu_body: Rx: ID=0x18f00400 DLC=8 Data=[00 00][0m
[00:01:41.175,000] [0m<inf> ecu_body: Rx: ID=0x18f00400 DLC=8 Data=[FF FF][0m
[00:01:41.276,000] [0m<inf> ecu_body: Rx: ID=0x18f00400 DLC=8 Data=[00 00][0m
[00:01:41.378,000] [0m<inf> ecu_body: Rx: ID=0x18f00400 DLC=8 Data=[FF FF][0m
[00:01:41.479,000] [0m<inf> ecu_body: Rx: ID=0x18f00400 DLC=8 Data=[00 00][0m
[00:01:41.581,000] [0m<inf> ecu_body: Rx: ID=0x18f00400 DLC=8 Data=[FF FF][0m
[00:01:41.682,000] [0m<inf> ecu_body: Rx: ID=0x18f00400 DLC=8 Data=[00 00][0m
[00:01:41.784,000] [0m<inf> ecu_body: Rx: ID=0x18f00400 DLC=8 Data=[20 03][0m
[00:01:41.885,000] [0m<inf> ecu_body: Rx: ID=0x18f00400 DLC=8 Data=[40 06][0m
[00:01:41.986,000] [0m<inf> ecu_body: Rx: ID=0x18f00400 DLC=8 Data=[60 09][0m
[00:01:42.013,000] [0m<inf> ecu_body: Body ECU running...  (Press button to simulate failure)[0m
[00:01:42.088,000] [0m<inf> ecu_body: Rx: ID=0x18f00400 DLC=8 Data=[80 0C][0m
[00:01:42.189,000] [0m<inf> ecu_body: Rx: ID=0x18f00400 DLC=8 Data=[A0 0F][0m
[00:01:42.291,000] [0m<inf> ecu_body: Rx: ID=0x18f00400 DLC=8 Data=[C0 12][0m
[00:01:42.392,000] [0m<inf> ecu_body: Rx: ID=0x18f00400 DLC=8 Data=[E0 15][0m
[00:01:42.493,000] [0m<inf> ecu_body: Rx: ID=0x18f00400 DLC=8 Data=[00 19][0m
[00:01:42.595,000] [0m<inf> ecu_body: Rx: ID=0x18f00400 DLC=8 Data=[20 1C][0m
[00:01:42.696,000] [0m<inf> ecu_body: Rx: ID=0x18f00400 DLC=8 Data=[40 1F][0m
[00:01:42.798,000] [0m<inf> ecu_body: Rx: ID=0x18f00400 DLC=8 Data=[60 22][0m
[00:01:42.899,000] [0m<inf> ecu_body: Rx: ID=0x18f00400 DLC=8 Data=[80 25][0m
[00:01:43.000,000] [0m<inf> ecu_body: Rx: ID=0x18f00400 DLC=8 Data=[A0 28][0m
[00:01:43.013,000] [0m<inf> ecu_body: Body ECU running...  (Press button to simulate failure)[0m
[00:01:43.102,000] [0m<inf> ecu_body: Rx: ID=0x18f00400 DLC=8 Data=[C0 2B][0m
[00:01:43.203,000] [0m<inf> ecu_body: Rx: ID=0x18f00400 DLC=8 Data=[E0 2E][0m
[00:01:43.305,000] [0m<inf> ecu_body: Rx: ID=0x18f00400 DLC=8 Data=[00 32][0m
[00:01:43.406,000] [0m<inf> ecu_body: Rx: ID=0x18f00400 DLC=8 Data=[FF FF][0m
[00:01:43.507,000] [0m<inf> ecu_body: Rx: ID=0x18f00400 DLC=8 Data=[00 00][0m
[00:01:43.609,000] [0m<inf> ecu_body: Rx: ID=0x18f00400 DLC=8 Data=[20 03][0m
[00:01:43.710,000] [0m<inf> ecu_body: Rx: ID=0x18f00400 DLC=8 Data=[40 06][0m
[00:01:43.811,000] [0m<inf> ecu_body: Rx: ID=0x18f00400 DLC=8 Data=[60 09][0m
[00:01:43.913,000] [0m<inf> ecu_body: Rx: ID=0x18f00400 DLC=8 Data=[80 0C][0m
[00:01:44.013,000] [0m<inf> ecu_body: Body ECU running...  (Press button to simulate failure)[0m
[00:01:44.014,000] [0m<inf> ecu_body: Rx: ID=0x18f00400 DLC=8 Data=[A0 0F][0m
[00:01:44.116,000] [0m<inf> ecu_body: Rx: ID=0x18f00400 DLC=8 Data=[C0 12][0m
[00:01:44.217,000] [0m<inf> ecu_body: Rx: ID=0x18f00400 DLC=8 Data=[E0 15][0m
[00:01:44.319,000] [0m<inf> ecu_body: Rx: ID=0x18f00400 DLC=8 Data=[00 19][0m
[00:01:44.420,000] [0m<inf> ecu_body: Rx: ID=0x18f00400 DLC=8 Data=[FF FF][0m
[00:01:44.521,000] [0m<inf> ecu_body: Rx: ID=0x18f00400 DLC=8 Data=[00 00][0m
[00:01:44.623,000] [0m<inf> ecu_body: Rx: ID=0x18f00400 DLC=8 Data=[20 03][0m
[00:01:44.724,000] [0m<inf> ecu_body: Rx: ID=0x18f00400 DLC=8 Data=[40 06][0m
[00:01:44.826,000] [0m<inf> ecu_body: Rx: ID=0x18f00400 DLC=8 Data=[60 09][0m
[00:01:44.927,000] [0m<inf> ecu_body: Rx: ID=0x18f00400 DLC=8 Data=[80 0C][0m
[00:01:45.013,000] [0m<inf> ecu_body: Body ECU running...  (Press button to simulate failure)[0m
[00:01:45.028,000] [0m<inf> ecu_body: Rx: ID=0x18f00400 DLC=8 Data=[A0 0F][0m
[00:01:45.130,000] [0m<inf> ecu_body: Rx: ID=0x18f00400 DLC=8 Data=[C0 12][0m
[00:01:45.231,000] [0m<inf> ecu_body: Rx: ID=0x18f00400 DLC=8 Data=[FF FF][0m
[00:01:45.333,000] [0m<inf> ecu_body: Rx: ID=0x18f00400 DLC=8 Data=[00 00][0m
[00:01:45.434,000] [0m<inf> ecu_body: Rx: ID=0x18f00400 DLC=8 Data=[FF FF][0m
[00:01:45.535,000] [0m<inf> ecu_body: Rx: ID=0x18f00400 DLC=8 Data=[00 00][0m
[00:01:45.637,000] [0m<inf> ecu_body: Rx: ID=0x18f00400 DLC=8 Data=[FF FF][0m
[00:01:45.738,000] [0m<inf> ecu_body: Rx: ID=0x18f00400 DLC=8 Data=[00 00][0m
[00:01:45.839,000] [0m<inf> ecu_body: Rx: ID=0x18f00400 DLC=8 Data=[20 03][0m
[00:01:45.941,000] [0m<inf> ecu_body: Rx: ID=0x18f00400 DLC=8 Data=[40 06][0m
[00:01:46.013,000] [0m<inf> ecu_body: Body ECU running...  (Press button to simulate failure)[0m
[00:01:46.042,000] [0m<inf> ecu_body: Rx: ID=0x18f00400 DLC=8 Data=[60 09][0m
[00:01:46.144,000] [0m<inf> ecu_body: Rx: ID=0x18f00400 DLC=8 Data=[80 0C][0m
[00:01:46.245,000] [0m<inf> ecu_body: Rx: ID=0x18f00400 DLC=8 Data=[A0 0F][0m
[00:01:46.347,000] [0m<inf> ecu_body: Rx: ID=0x18f00400 DLC=8 Data=[C0 12][0m
[00:01:46.448,000] [0m<inf> ecu_body: Rx: ID=0x18f00400 DLC=8 Data=[E0 15][0m
[00:01:46.549,000] [0m<inf> ecu_body: Rx: ID=0x18f00400 DLC=8 Data=[00 19][0m
[00:01:46.651,000] [0m<inf> ecu_body: Rx: ID=0x18f00400 DLC=8 Data=[20 1C][0m
[00:01:46.752,000] [0m<inf> ecu_body: Rx: ID=0x18f00400 DLC=8 Data=[FF FF][0m
[00:01:46.854,000] [0m<inf> ecu_body: Rx: ID=0x18f00400 DLC=8 Data=[00 00][0m
[00:01:46.955,000] [0m<inf> ecu_body: Rx: ID=0x18f00400 DLC=8 Data=[FF FF][0m
[00:01:47.013,000] [0m<inf> ecu_body: Body ECU running...  (Press button to simulate failure)[0m
[00:01:47.056,000] [0m<inf> ecu_body: Rx: ID=0x18f00400 DLC=8 Data=[00 00][0m
[00:01:47.158,000] [0m<inf> ecu_body: Rx: ID=0x18f00400 DLC=8 Data=[20 03][0m
[00:01:47.259,000] [0m<inf> ecu_body: Rx: ID=0x18f00400 DLC=8 Data=[FF FF][0m
[00:01:47.360,000] [0m<inf> ecu_body: Rx: ID=0x18f00400 DLC=8 Data=[00 00][0m
[00:01:47.462,000] [0m<inf> ecu_body: Rx: ID=0x18f00400 DLC=8 Data=[20 03][0m
[00:01:47.563,000] [0m<inf> ecu_body: Rx: ID=0x18f00400 DLC=8 Data=[40 06][0m
[00:01:47.665,000] [0m<inf> ecu_body: Rx: ID=0x18f00400 DLC=8 Data=[60 09][0m
[00:01:47.766,000] [0m<inf> ecu_body: Rx: ID=0x18f00400 DLC=8 Data=[80 0C][0m
[00:01:47.868,000] [0m<inf> ecu_body: Rx: ID=0x18f00400 DLC=8 Data=[A0 0F][0m
[00:01:47.969,000] [0m<inf> ecu_body: Rx: ID=0x18f00400 DLC=8 Data=[C0 12][0m
[00:01:48.013,000] [0m<inf> ecu_body: Body ECU running...  (Press button to simulate failure)[0m
[00:01:48.070,000] [0m<inf> ecu_body: Rx: ID=0x18f00400 DLC=8 Data=[E0 15][0m
[00:01:48.172,000] [0m<inf> ecu_body: Rx: ID=0x18f00400 DLC=8 Data=[00 19][0m
[00:01:48.273,000] [0m<inf> ecu_body: Rx: ID=0x18f00400 DLC=8 Data=[20 1C][0m
[00:01:48.375,000] [0m<inf> ecu_body: Rx: ID=0x18f00400 DLC=8 Data=[FF FF][0m
[00:01:48.476,000] [0m<inf> ecu_body: Rx: ID=0x18f00400 DLC=8 Data=[00 00][0m
[00:01:48.577,000] [0m<inf> ecu_body: Rx: ID=0x18f00400 DLC=8 Data=[20 03][0m
[00:01:48.679,000] [0m<inf> ecu_body: Rx: ID=0x18f00400 DLC=8 Data=[FF FF][0m
[00:01:48.780,000] [0m<inf> ecu_body: Rx: ID=0x18f00400 DLC=8 Data=[00 00][0m
[00:01:48.882,000] [0m<inf> ecu_body: Rx: ID=0x18f00400 DLC=8 Data=[FF FF][0m
[00:01:48.983,000] [0m<inf> ecu_body: Rx: ID=0x18f00400 DLC=8 Data=[00 00][0m
[00:01:49.013,000] [0m<inf> ecu_body: Body ECU running...  (Press button to simulate failure)[0m
[00:01:49.084,000] [0m<inf> ecu_body: Rx: ID=0x18f00400 DLC=8 Data=[20 03][0m
[00:01:49.186,000] [0m<inf> ecu_body: Rx: ID=0x18f00400 DLC=8 Data=[40 06][0m
[00:01:49.287,000] [0m<inf> ecu_body: Rx: ID=0x18f00400 DLC=8 Data=[60 09][0m
[00:01:49.389,000] [0m<inf> ecu_body: Rx: ID=0x18f00400 DLC=8 Data=[80 0C][0m
[00:01:49.490,000] [0m<inf> ecu_body: Rx: ID=0x18f00400 DLC=8 Data=[A0 0F][0m
[00:01:49.591,000] [0m<inf> ecu_body: Rx: ID=0x18f00400 DLC=8 Data=[FF FF][0m
[00:01:49.693,000] [0m<inf> ecu_body: Rx: ID=0x18f00400 DLC=8 Data=[00 00][0m
[00:01:49.794,000] [0m<inf> ecu_body: Rx: ID=0x18f00400 DLC=8 Data=[20 03][0m
[00:01:49.896,000] [0m<inf> ecu_body: Rx: ID=0x18f00400 DLC=8 Data=[FF FF][0m
[00:01:49.997,000] [0m<inf> ecu_body: Rx: ID=0x18f00400 DLC=8 Data=[00 00][0m
[00:01:50.013,000] [0m<inf> ecu_body: Body ECU running...  (Press button to simulate failure)[0m
[00:01:50.098,000] [0m<inf> ecu_body: Rx: ID=0x18f00400 DLC=8 Data=[20 03][0m
[00:01:50.200,000] [0m<inf> ecu_body: Rx: ID=0x18f00400 DLC=8 Data=[FF FF][0m
[00:01:50.301,000] [0m<inf> ecu_body: Rx: ID=0x18f00400 DLC=8 Data=[00 00][0m
[00:01:50.403,000] [0m<inf> ecu_body: Rx: ID=0x18f00400 DLC=8 Data=[FF FF][0m
[00:01:50.504,000] [0m<inf> ecu_body: Rx: ID=0x18f00400 DLC=8 Data=[00 00][0m
[00:01:50.606,000] [0m<inf> ecu_body: Rx: ID=0x18f00400 DLC=8 Data=[FF FF][0m
[00:01:50.707,000] [0m<inf> ecu_body: Rx: ID=0x18f00400 DLC=8 Data=[00 00][0m
[00:01:50.809,000] [0m<inf> ecu_body: Rx: ID=0x18f00400 DLC=8 Data=[20 03][0m
[00:01:50.910,000] [0m<inf> ecu_body: Rx: ID=0x18f00400 DLC=8 Data=[40 06][0m
[00:01:51.012,000] [0m<inf> ecu_body: Rx: ID=0x18f00400 DLC=8 Data=[60 09][0m
[00:01:51.013,000] [0m<inf> ecu_body: Body ECU running...  (Press button to simulate failure)[0m
[00:01:51.113,000] [0m<inf> ecu_body: Rx: ID=0x18f00400 DLC=8 Data=[FF FF][0m
[00:01:51.215,000] [0m<inf> ecu_body: Rx: ID=0x18f00400 DLC=8 Data=[00 00][0m
[00:01:51.316,000] [0m<inf> ecu_body: Rx: ID=0x18f00400 DLC=8 Data=[20 03][0m
[00:01:51.418,000] [0m<inf> ecu_body: Rx: ID=0x18f00400 DLC=8 Data=[40 06][0m
[00:01:51.519,000] [0m<inf> ecu_body: Rx: ID=0x18f00400 DLC=8 Data=[FF FF][0m
[00:01:51.621,000] [0m<inf> ecu_body: Rx: ID=0x18f00400 DLC=8 Data=[00 00][0m
[00:01:51.722,000] [0m<inf> ecu_body: Rx: ID=0x18f00400 DLC=8 Data=[20 03][0m
[00:01:51.824,000] [0m<inf> ecu_body: Rx: ID=0x18f00400 DLC=8 Data=[40 06][0m
[00:01:51.925,000] [0m<inf> ecu_body: Rx: ID=0x18f00400 DLC=8 Data=[60 09][0m
[00:01:52.014,000] [0m<inf> ecu_body: Body ECU running...  (Press button to simulate failure)[0m
[00:01:52.027,000] [0m<inf> ecu_body: Rx: ID=0x18f00400 DLC=8 Data=[80 0C][0m
[00:01:52.128,000] [0m<inf> ecu_body: Rx: ID=0x18f00400 DLC=8 Data=[A0 0F][0m
[00:01:52.230,000] [0m<inf> ecu_body: Rx: ID=0x18f00400 DLC=8 Data=[C0 12][0m
[00:01:52.331,000] [0m<inf> ecu_body: Rx: ID=0x18f00400 DLC=8 Data=[FF FF][0m
[00:01:52.433,000] [0m<inf> ecu_body: Rx: ID=0x18f00400 DLC=8 Data=[00 00][0m
[00:01:52.534,000] [0m<inf> ecu_body: Rx: ID=0x18f00400 DLC=8 Data=[20 03][0m
[00:01:52.636,000] [0m<inf> ecu_body: Rx: ID=0x18f00400 DLC=8 Data=[FF FF][0m
[00:01:52.737,000] [0m<inf> ecu_body: Rx: ID=0x18f00400 DLC=8 Data=[00 00][0m
[00:01:52.838,000] [0m<inf> ecu_body: Rx: ID=0x18f00400 DLC=8 Data=[20 03][0m
[00:01:52.940,000] [0m<inf> ecu_body: Rx: ID=0x18f00400 DLC=8 Data=[FF FF][0m
[00:01:53.014,000] [0m<inf> ecu_body: Body ECU running...  (Press button to simulate failure)[0m
[00:01:53.042,000] [0m<inf> ecu_body: Rx: ID=0x18f00400 DLC=8 Data=[00 00][0m
[00:01:53.143,000] [0m<inf> ecu_body: Rx: ID=0x18f00400 DLC=8 Data=[FF FF][0m
[00:01:53.245,000] [0m<inf> ecu_body: Rx: ID=0x18f00400 DLC=8 Data=[00 00][0m
[00:01:53.346,000] [0m<inf> ecu_body: Rx: ID=0x18f00400 DLC=8 Data=[FF FF][0m
[00:01:53.448,000] [0m<inf> ecu_body: Rx: ID=0x18f00400 DLC=8 Data=[00 00][0m
[00:01:53.549,000] [0m<inf> ecu_body: Rx: ID=0x18f00400 DLC=8 Data=[20 03][0m
[00:01:53.651,000] [0m<inf> ecu_body: Rx: ID=0x18f00400 DLC=8 Data=[40 06][0m
[00:01:53.752,000] [0m<inf> ecu_body: Rx: ID=0x18f00400 DLC=8 Data=[60 09][0m
[00:01:53.854,000] [0m<inf> ecu_body: Rx: ID=0x18f00400 DLC=8 Data=[80 0C][0m
[00:01:53.955,000] [0m<inf> ecu_body: Rx: ID=0x18f00400 DLC=8 Data=[A0 0F][0m
[00:01:54.014,000] [0m<inf> ecu_body: Body ECU running...  (Press button to simulate failure)[0m
[00:01:54.057,000] [0m<inf> ecu_body: Rx: ID=0x18f00400 DLC=8 Data=[C0 12][0m
[00:01:54.158,000] [0m<inf> ecu_body: Rx: ID=0x18f00400 DLC=8 Data=[E0 15][0m
[00:01:54.259,000] [0m<inf> ecu_body: Rx: ID=0x18f00400 DLC=8 Data=[00 19][0m
[00:01:54.361,000] [0m<inf> ecu_body: Rx: ID=0x18f00400 DLC=8 Data=[20 1C][0m
[00:01:54.462,000] [0m<inf> ecu_body: Rx: ID=0x18f00400 DLC=8 Data=[40 1F][0m
[00:01:54.564,000] [0m<inf> ecu_body: Rx: ID=0x18f00400 DLC=8 Data=[60 22][0m
[00:01:54.665,000] [0m<inf> ecu_body: Rx: ID=0x18f00400 DLC=8 Data=[80 25][0m
[00:01:54.767,000] [0m<inf> ecu_body: Rx: ID=0x18f00400 DLC=8 Data=[A0 28][0m
[00:01:54.868,000] [0m<inf> ecu_body: Rx: ID=0x18f00400 DLC=8 Data=[FF FF][0m
[00:01:54.970,000] [0m<inf> ecu_body: Rx: ID=0x18f00400 DLC=8 Data=[00 00][0m
[00:01:55.014,000] [0m<inf> ecu_body: Body ECU running...  (Press button to simulate failure)[0m
[00:01:55.071,000] [0m<inf> ecu_body: Rx: ID=0x18f00400 DLC=8 Data=[20 03][0m
[00:01:55.173,000] [0m<inf> ecu_body: Rx: ID=0x18f00400 DLC=8 Data=[40 06][0m
[00:01:55.274,000] [0m<inf> ecu_body: Rx: ID=0x18f00400 DLC=8 Data=[60 09][0m
[00:01:55.376,000] [0m<inf> ecu_body: Rx: ID=0x18f00400 DLC=8 Data=[80 0C][0m
[00:01:55.477,000] [0m<inf> ecu_body: Rx: ID=0x18f00400 DLC=8 Data=[A0 0F][0m
[00:01:55.579,000] [0m<inf> ecu_body: Rx: ID=0x18f00400 DLC=8 Data=[FF FF][0m
[00:01:55.680,000] [0m<inf> ecu_body: Rx: ID=0x18f00400 DLC=8 Data=[00 00][0m
[00:01:55.782,000] [0m<inf> ecu_body: Rx: ID=0x18f00400 DLC=8 Data=[20 03][0m
[00:01:55.883,000] [0m<inf> ecu_body: Rx: ID=0x18f00400 DLC=8 Data=[FF FF][0m
[00:01:55.985,000] [0m<inf> ecu_body: Rx: ID=0x18f00400 DLC=8 Data=[00 00][0m
[00:01:56.014,000] [0m<inf> ecu_body: Body ECU running...  (Press button to simulate failure)[0m
[00:01:56.086,000] [0m<inf> ecu_body: Rx: ID=0x18f00400 DLC=8 Data=[20 03][0m
[00:01:56.188,000] [0m<inf> ecu_body: Rx: ID=0x18f00400 DLC=8 Data=[40 06][0m
[00:01:56.289,000] [0m<inf> ecu_body: Rx: ID=0x18f00400 DLC=8 Data=[60 09][0m
[00:01:56.391,000] [0m<inf> ecu_body: Rx: ID=0x18f00400 DLC=8 Data=[80 0C][0m
[00:01:56.492,000] [0m<inf> ecu_body: Rx: ID=0x18f00400 DLC=8 Data=[FF FF][0m
[00:01:56.594,000] [0m<inf> ecu_body: Rx: ID=0x18f00400 DLC=8 Data=[00 00][0m
[00:01:56.695,000] [0m<inf> ecu_body: Rx: ID=0x18f00400 DLC=8 Data=[FF FF][0m
[00:01:56.797,000] [0m<inf> ecu_body: Rx: ID=0x18f00400 DLC=8 Data=[00 00][0m
[00:01:56.898,000] [0m<inf> ecu_body: Rx: ID=0x18f00400 DLC=8 Data=[20 03][0m
[00:01:57.000,000] [0m<inf> ecu_body: Rx: ID=0x18f00400 DLC=8 Data=[40 06][0m
[00:01:57.014,000] [0m<inf> ecu_body: Body ECU running...  (Press button to simulate failure)[0m
[00:01:57.101,000] [0m<inf> ecu_body: Rx: ID=0x18f00400 DLC=8 Data=[60 09][0m
[00:01:57.202,000] [0m<inf> ecu_body: Rx: ID=0x18f00400 DLC=8 Data=[80 0C][0m
[00:01:57.304,000] [0m<inf> ecu_body: Rx: ID=0x18f00400 DLC=8 Data=[A0 0F][0m
[00:01:57.405,000] [0m<inf> ecu_body: Rx: ID=0x18f00400 DLC=8 Data=[FF FF][0m
[00:01:57.507,000] [0m<inf> ecu_body: Rx: ID=0x18f00400 DLC=8 Data=[00 00][0m
[00:01:57.608,000] [0m<inf> ecu_body: Rx: ID=0x18f00400 DLC=8 Data=[FF FF][0m
[00:01:57.710,000] [0m<inf> ecu_body: Rx: ID=0x18f00400 DLC=8 Data=[00 00][0m
[00:01:57.811,000] [0m<inf> ecu_body: Rx: ID=0x18f00400 DLC=8 Data=[FF FF][0m
[00:01:57.912,000] [0m<inf> ecu_body: Rx: ID=0x18f00400 DLC=8 Data=[00 00][0m
[00:01:58.014,000] [0m<inf> ecu_body: Rx: ID=0x18f00400 DLC=8 Data=[20 03][0m
[00:01:58.014,000] [0m<inf> ecu_body: Body ECU running...  (Press button to simulate failure)[0m
[00:01:58.115,000] [0m<inf> ecu_body: Rx: ID=0x18f00400 DLC=8 Data=[40 06][0m
[00:01:58.217,000] [0m<inf> ecu_body: Rx: ID=0x18f00400 DLC=8 Data=[60 09][0m
[00:01:58.318,000] [0m<inf> ecu_body: Rx: ID=0x18f00400 DLC=8 Data=[FF FF][0m
[00:01:58.420,000] [0m<inf> ecu_body: Rx: ID=0x18f00400 DLC=8 Data=[00 00][0m
[00:01:58.521,000] [0m<inf> ecu_body: Rx: ID=0x18f00400 DLC=8 Data=[FF FF][0m
[00:01:58.622,000] [0m<inf> ecu_body: Rx: ID=0x18f00400 DLC=8 Data=[00 00][0m
[00:01:58.724,000] [0m<inf> ecu_body: Rx: ID=0x18f00400 DLC=8 Data=[20 03][0m
[00:01:58.825,000] [0m<inf> ecu_body: Rx: ID=0x18f00400 DLC=8 Data=[40 06][0m
[00:01:58.927,000] [0m<inf> ecu_body: Rx: ID=0x18f00400 DLC=8 Data=[60 09][0m
[00:01:59.014,000] [0m<inf> ecu_body: Body ECU running...  (Press button to simulate failure)[0m
[00:01:59.028,000] [0m<inf> ecu_body: Rx: ID=0x18f00400 DLC=8 Data=[80 0C][0m
[00:01:59.130,000] [0m<inf> ecu_body: Rx: ID=0x18f00400 DLC=8 Data=[A0 0F][0m
[00:01:59.231,000] [0m<inf> ecu_body: Rx: ID=0x18f00400 DLC=8 Data=[C0 12][0m
[00:01:59.333,000] [0m<inf> ecu_body: Rx: ID=0x18f00400 DLC=8 Data=[FF FF][0m
[00:01:59.434,000] [0m<inf> ecu_body: Rx: ID=0x18f00400 DLC=8 Data=[00 00][0m
[00:01:59.536,000] [0m<inf> ecu_body: Rx: ID=0x18f00400 DLC=8 Data=[20 03][0m
[00:01:59.637,000] [0m<inf> ecu_body: Rx: ID=0x18f00400 DLC=8 Data=[FF FF][0m
[00:01:59.739,000] [0m<inf> ecu_body: Rx: ID=0x18f00400 DLC=8 Data=[00 00][0m
[00:01:59.840,000] [0m<inf> ecu_body: Rx: ID=0x18f00400 DLC=8 Data=[20 03][0m
[00:01:59.942,000] [0m<inf> ecu_body: Rx: ID=0x18f00400 DLC=8 Data=[40 06][0m
[00:02:00.014,000] [0m<inf> ecu_body: Body ECU running...  (Press button to simulate failure)[0m
[00:02:00.043,000] [0m<inf> ecu_body: Rx: ID=0x18f00400 DLC=8 Data=[60 09][0m
[00:02:00.144,000] [0m<inf> ecu_body: Rx: ID=0x18f00400 DLC=8 Data=[80 0C][0m
[00:02:00.246,000] [0m<inf> ecu_body: Rx: ID=0x18f00400 DLC=8 Data=[A0 0F][0m
[00:02:00.347,000] [0m<inf> ecu_body: Rx: ID=0x18f00400 DLC=8 Data=[C0 12][0m
[00:02:00.449,000] [0m<inf> ecu_body: Rx: ID=0x18f00400 DLC=8 Data=[E0 15][0m
[00:02:00.550,000] [0m<inf> ecu_body: Rx: ID=0x18f00400 DLC=8 Data=[00 19][0m
[00:02:00.652,000] [0m<inf> ecu_body: Rx: ID=0x18f00400 DLC=8 Data=[20 1C][0m
[00:02:00.753,000] [0m<inf> ecu_body: Rx: ID=0x18f00400 DLC=8 Data=[40 1F][0m
[00:02:00.855,000] [0m<inf> ecu_body: Rx: ID=0x18f00400 DLC=8 Data=[60 22][0m
[00:02:00.956,000] [0m<inf> ecu_body: Rx: ID=0x18f00400 DLC=8 Data=[FF FF][0m
[00:02:01.014,000] [0m<inf> ecu_body: Body ECU running...  (Press button to simulate failure)[0m
[00:02:01.058,000] [0m<inf> ecu_body: Rx: ID=0x18f00400 DLC=8 Data=[00 00][0m
[00:02:01.159,000] [0m<inf> ecu_body: Rx: ID=0x18f00400 DLC=8 Data=[FF FF][0m
[00:02:01.261,000] [0m<inf> ecu_body: Rx: ID=0x18f00400 DLC=8 Data=[00 00][0m
[00:02:01.362,000] [0m<inf> ecu_body: Rx: ID=0x18f00400 DLC=8 Data=[FF FF][0m
[00:02:01.464,000] [0m<inf> ecu_body: Rx: ID=0x18f00400 DLC=8 Data=[00 00][0m
[00:02:01.565,000] [0m<inf> ecu_body: Rx: ID=0x18f00400 DLC=8 Data=[20 03][0m
[00:02:01.666,000] [0m<inf> ecu_body: Rx: ID=0x18f00400 DLC=8 Data=[40 06][0m
[00:02:01.768,000] [0m<inf> ecu_body: Rx: ID=0x18f00400 DLC=8 Data=[60 09][0m
[00:02:01.869,000] [0m<inf> ecu_body: Rx: ID=0x18f00400 DLC=8 Data=[80 0C][0m
[00:02:01.971,000] [0m<inf> ecu_body: Rx: ID=0x18f00400 DLC=8 Data=[FF FF][0m
[00:02:02.015,000] [0m<inf> ecu_body: Body ECU running...  (Press button to simulate failure)[0m
[00:02:02.072,000] [0m<inf> ecu_body: Rx: ID=0x18f00400 DLC=8 Data=[00 00][0m
[00:02:02.174,000] [0m<inf> ecu_body: Rx: ID=0x18f00400 DLC=8 Data=[FF FF][0m
[00:02:02.275,000] [0m<inf> ecu_body: Rx: ID=0x18f00400 DLC=8 Data=[00 00][0m
[00:02:02.377,000] [0m<inf> ecu_body: Rx: ID=0x18f00400 DLC=8 Data=[20 03][0m
[00:02:02.478,000] [0m<inf> ecu_body: Rx: ID=0x18f00400 DLC=8 Data=[FF FF][0m
[00:02:02.580,000] [0m<inf> ecu_body: Rx: ID=0x18f00400 DLC=8 Data=[00 00][0m
[00:02:02.681,000] [0m<inf> ecu_body: Rx: ID=0x18f00400 DLC=8 Data=[20 03][0m
[00:02:02.782,000] [0m<inf> ecu_body: Rx: ID=0x18f00400 DLC=8 Data=[40 06][0m
[00:02:02.884,000] [0m<inf> ecu_body: Rx: ID=0x18f00400 DLC=8 Data=[60 09][0m
[00:02:02.985,000] [0m<inf> ecu_body: Rx: ID=0x18f00400 DLC=8 Data=[FF FF][0m
[00:02:03.015,000] [0m<inf> ecu_body: Body ECU running...  (Press button to simulate failure)[0m
[00:02:03.087,000] [0m<inf> ecu_body: Rx: ID=0x18f00400 DLC=8 Data=[00 00][0m
[00:02:03.188,000] [0m<inf> ecu_body: Rx: ID=0x18f00400 DLC=8 Data=[20 03][0m
[00:02:03.290,000] [0m<inf> ecu_body: Rx: ID=0x18f00400 DLC=8 Data=[40 06][0m
[00:02:03.391,000] [0m<inf> ecu_body: Rx: ID=0x18f00400 DLC=8 Data=[FF FF][0m
[00:02:03.493,000] [0m<inf> ecu_body: Rx: ID=0x18f00400 DLC=8 Data=[00 00][0m
[00:02:03.594,000] [0m<inf> ecu_body: Rx: ID=0x18f00400 DLC=8 Data=[20 03][0m
[00:02:03.695,000] [0m<inf> ecu_body: Rx: ID=0x18f00400 DLC=8 Data=[40 06][0m
[00:02:03.797,000] [0m<inf> ecu_body: Rx: ID=0x18f00400 DLC=8 Data=[60 09][0m
[00:02:03.898,000] [0m<inf> ecu_body: Rx: ID=0x18f00400 DLC=8 Data=[80 0C][0m
[00:02:04.000,000] [0m<inf> ecu_body: Rx: ID=0x18f00400 DLC=8 Data=[FF FF][0m
[00:02:04.015,000] [0m<inf> ecu_body: Body ECU running...  (Press button to simulate failure)[0m
[00:02:04.101,000] [0m<inf> ecu_body: Rx: ID=0x18f00400 DLC=8 Data=[00 00][0m
[00:02:04.203,000] [0m<inf> ecu_body: Rx: ID=0x18f00400 DLC=8 Data=[20 03][0m
[00:02:04.304,000] [0m<inf> ecu_body: Rx: ID=0x18f00400 DLC=8 Data=[40 06][0m
[00:02:04.405,000] [0m<inf> ecu_body: Rx: ID=0x18f00400 DLC=8 Data=[FF FF][0m
[00:02:04.507,000] [0m<inf> ecu_body: Rx: ID=0x18f00400 DLC=8 Data=[00 00][0m
[00:02:04.608,000] [0m<inf> ecu_body: Rx: ID=0x18f00400 DLC=8 Data=[20 03][0m
[00:02:04.710,000] [0m<inf> ecu_body: Rx: ID=0x18f00400 DLC=8 Data=[FF FF][0m
[00:02:04.811,000] [0m<inf> ecu_body: Rx: ID=0x18f00400 DLC=8 Data=[00 00][0m
[00:02:04.913,000] [0m<inf> ecu_body: Rx: ID=0x18f00400 DLC=8 Data=[FF FF][0m
[00:02:05.014,000] [0m<inf> ecu_body: Rx: ID=0x18f00400 DLC=8 Data=[00 00][0m
[00:02:05.015,000] [0m<inf> ecu_body: Body ECU running...  (Press button to simulate failure)[0m
[00:02:05.116,000] [0m<inf> ecu_body: Rx: ID=0x18f00400 DLC=8 Data=[20 03][0m
[00:02:05.217,000] [0m<inf> ecu_body: Rx: ID=0x18f00400 DLC=8 Data=[40 06][0m
[00:02:05.318,000] [0m<inf> ecu_body: Rx: ID=0x18f00400 DLC=8 Data=[60 09][0m
[00:02:05.420,000] [0m<inf> ecu_body: Rx: ID=0x18f00400 DLC=8 Data=[80 0C][0m
[00:02:05.521,000] [0m<inf> ecu_body: Rx: ID=0x18f00400 DLC=8 Data=[A0 0F][0m
[00:02:05.623,000] [0m<inf> ecu_body: Rx: ID=0x18f00400 DLC=8 Data=[C0 12][0m
[00:02:05.724,000] [0m<inf> ecu_body: Rx: ID=0x18f00400 DLC=8 Data=[E0 15][0m
[00:02:05.826,000] [0m<inf> ecu_body: Rx: ID=0x18f00400 DLC=8 Data=[00 19][0m
[00:02:05.927,000] [0m<inf> ecu_body: Rx: ID=0x18f00400 DLC=8 Data=[20 1C][0m
[00:02:06.015,000] [0m<inf> ecu_body: Body ECU running...  (Press button to simulate failure)[0m
[00:02:06.029,000] [0m<inf> ecu_body: Rx: ID=0x18f00400 DLC=8 Data=[40 1F][0m
[00:02:06.130,000] [0m<inf> ecu_body: Rx: ID=0x18f00400 DLC=8 Data=[60 22][0m
[00:02:06.232,000] [0m<inf> ecu_body: Rx: ID=0x18f00400 DLC=8 Data=[FF FF][0m
[00:02:06.333,000] [0m<inf> ecu_body: Rx: ID=0x18f00400 DLC=8 Data=[00 00][0m
[00:02:06.434,000] [0m<inf> ecu_body: Rx: ID=0x18f00400 DLC=8 Data=[FF FF][0m
[00:02:06.536,000] [0m<inf> ecu_body: Rx: ID=0x18f00400 DLC=8 Data=[00 00][0m
[00:02:06.637,000] [0m<inf> ecu_body: Rx: ID=0x18f00400 DLC=8 Data=[20 03][0m
[00:02:06.739,000] [0m<inf> ecu_body: Rx: ID=0x18f00400 DLC=8 Data=[40 06][0m
[00:02:06.840,000] [0m<inf> ecu_body: Rx: ID=0x18f00400 DLC=8 Data=[60 09][0m
[00:02:06.942,000] [0m<inf> ecu_body: Rx: ID=0x18f00400 DLC=8 Data=[80 0C][0m
[00:02:07.015,000] [0m<inf> ecu_body: Body ECU running...  (Press button to simulate failure)[0m
[00:02:07.043,000] [0m<inf> ecu_body: Rx: ID=0x18f00400 DLC=8 Data=[A0 0F][0m
